<?xml version="1.0" encoding="UTF-8"?>
<!-- Generated by org.testng.reporters.JUnitReportReporter -->
<testsuite hostname="DESKTOP-PE0VQ31" failures="0" tests="2" name="autotests.tests.duckActionController.Quack" time="0.621" errors="1" timestamp="2025-01-28T22:16:28 NOVT" skipped="0">
  <testcase classname="autotests.tests.duckActionController.Quack" name="quackOddId" time="0.043">
    <error message="Failed to validate JSON text:
{&quot;sound&quot;:&quot;moo&quot;} Values not equal for entry: &#039;sound&#039;, expected &#039;quack&#039; but was &#039;moo&#039;" type="com.consol.citrus.exceptions.TestCaseFailedException">
      <![CDATA[com.consol.citrus.exceptions.TestCaseFailedException: Failed to validate JSON text:
{"sound":"moo"} Values not equal for entry: 'sound', expected 'quack' but was 'moo'
at com.consol.citrus.DefaultTestCase.executeAction(DefaultTestCase.java:143)
at com.consol.citrus.DefaultTestCaseRunner.run(DefaultTestCaseRunner.java:125)
at com.consol.citrus.TestActionRunner.$(TestActionRunner.java:35)
at autotests.clients.DuckActionsClients.validateResponse(DuckActionsClients.java:132)
at autotests.tests.duckActionController.Quack.quackOddId(Quack.java:36)
at java.base/jdk.internal.reflect.NativeMethodAccessorImpl.invoke0(Native Method)
at java.base/jdk.internal.reflect.NativeMethodAccessorImpl.invoke(NativeMethodAccessorImpl.java:62)
at java.base/jdk.internal.reflect.DelegatingMethodAccessorImpl.invoke(DelegatingMethodAccessorImpl.java:43)
at java.base/java.lang.reflect.Method.invoke(Method.java:566)
at org.springframework.util.ReflectionUtils.invokeMethod(ReflectionUtils.java:282)
at com.consol.citrus.testng.TestNGHelper.lambda$invokeTestMethod$1(TestNGHelper.java:82)
at com.consol.citrus.common.DefaultTestLoader.lambda$doLoad$1(DefaultTestLoader.java:116)
at java.base/java.util.ArrayList.forEach(ArrayList.java:1541)
at com.consol.citrus.common.DefaultTestLoader.doLoad(DefaultTestLoader.java:116)
at com.consol.citrus.common.DefaultTestLoader.load(DefaultTestLoader.java:94)
at com.consol.citrus.testng.TestNGHelper.invokeTestMethod(TestNGHelper.java:83)
at com.consol.citrus.testng.spring.TestNGCitrusSpringSupport.run(TestNGCitrusSpringSupport.java:185)
at com.consol.citrus.testng.spring.TestNGCitrusSpringSupport.run(TestNGCitrusSpringSupport.java:101)
at org.testng.internal.invokers.MethodInvocationHelper.invokeHookable(MethodInvocationHelper.java:272)
at org.testng.internal.invokers.TestInvoker.invokeMethod(TestInvoker.java:669)
at org.testng.internal.invokers.TestInvoker.invokeTestMethod(TestInvoker.java:221)
at org.testng.internal.invokers.MethodRunner.runInSequence(MethodRunner.java:50)
at org.testng.internal.invokers.TestInvoker$MethodInvocationAgent.invoke(TestInvoker.java:969)
at org.testng.internal.invokers.TestInvoker.invokeTestMethods(TestInvoker.java:194)
at org.testng.internal.invokers.TestMethodWorker.invokeTestMethods(TestMethodWorker.java:148)
at org.testng.internal.invokers.TestMethodWorker.run(TestMethodWorker.java:128)
at java.base/java.util.concurrent.ThreadPoolExecutor.runWorker(ThreadPoolExecutor.java:1128)
at java.base/java.util.concurrent.ThreadPoolExecutor$Worker.run(ThreadPoolExecutor.java:628)
at java.base/java.lang.Thread.run(Thread.java:829)
Caused by: com.consol.citrus.exceptions.ValidationException: Failed to validate JSON text:
{"sound":"moo"} Values not equal for entry: 'sound', expected 'quack' but was 'moo'
at com.consol.citrus.validation.json.JsonTextMessageValidator.validateMessage(JsonTextMessageValidator.java:114)
at com.consol.citrus.validation.json.JsonTextMessageValidator.validateMessage(JsonTextMessageValidator.java:58)
at com.consol.citrus.validation.AbstractMessageValidator.validateMessage(AbstractMessageValidator.java:46)
at com.consol.citrus.actions.ReceiveMessageAction.validateMessage(ReceiveMessageAction.java:279)
at com.consol.citrus.actions.ReceiveMessageAction.doExecute(ReceiveMessageAction.java:168)
at com.consol.citrus.actions.AbstractTestAction.execute(AbstractTestAction.java:59)
at com.consol.citrus.DefaultTestCase.executeAction(DefaultTestCase.java:136)
... 28 more
Caused by: java.lang.IllegalArgumentException: Values not equal for entry: 'sound', expected 'quack' but was 'moo'
at org.springframework.util.Assert.isTrue(Assert.java:121)
at com.consol.citrus.validation.json.JsonTextMessageValidator.validateJson(JsonTextMessageValidator.java:211)
at com.consol.citrus.validation.json.JsonTextMessageValidator.validateMessage(JsonTextMessageValidator.java:102)
... 34 more
]]>
    </error>
  </testcase> <!-- quackOddId -->
  <system-out/>
  <testcase classname="autotests.tests.duckActionController.Quack" name="quackEvenId" time="0.578"/>
  <system-out/>
</testsuite> <!-- autotests.tests.duckActionController.Quack -->
