<?xml version="1.0" encoding="UTF-8"?>
<!-- Generated by org.testng.reporters.JUnitReportReporter -->
<testsuite hostname="DESKTOP-PE0VQ31" failures="0" tests="1" name="autotests.tests.duckController.Delete" time="0.054" errors="0" timestamp="2025-01-28T22:16:28 NOVT" skipped="0">
  <testcase classname="autotests.tests.duckController.Delete" name="deleteDuck" time="0.054"/>
  <system-out/>
</testsuite> <!-- autotests.tests.duckController.Delete -->
