<?xml version="1.0" encoding="UTF-8"?>
<!-- Generated by org.testng.reporters.JUnitReportReporter -->
<testsuite hostname="DESKTOP-PE0VQ31" failures="0" tests="2" name="autotests.tests.duckController.Update" time="0.123" errors="1" timestamp="2025-01-28T22:16:28 NOVT" skipped="0">
  <testcase classname="autotests.tests.duckController.Update" name="updateSound" time="0.040">
    <error message="Validation failed: Values not equal for header element &#039;citrus_http_reason_phrase&#039;, expected &#039;BAD_REQUEST&#039; but was &#039;OK&#039;" type="com.consol.citrus.exceptions.TestCaseFailedException">
      <![CDATA[com.consol.citrus.exceptions.TestCaseFailedException: Validation failed: Values not equal for header element 'citrus_http_reason_phrase', expected 'BAD_REQUEST' but was 'OK'
at com.consol.citrus.DefaultTestCase.executeAction(DefaultTestCase.java:143)
at com.consol.citrus.DefaultTestCaseRunner.run(DefaultTestCaseRunner.java:125)
at com.consol.citrus.TestActionRunner.$(TestActionRunner.java:35)
at autotests.clients.DuckActionsClients.validateResponse(DuckActionsClients.java:123)
at autotests.tests.duckController.Update.updateSound(Update.java:56)
at java.base/jdk.internal.reflect.NativeMethodAccessorImpl.invoke0(Native Method)
at java.base/jdk.internal.reflect.NativeMethodAccessorImpl.invoke(NativeMethodAccessorImpl.java:62)
at java.base/jdk.internal.reflect.DelegatingMethodAccessorImpl.invoke(DelegatingMethodAccessorImpl.java:43)
at java.base/java.lang.reflect.Method.invoke(Method.java:566)
at org.springframework.util.ReflectionUtils.invokeMethod(ReflectionUtils.java:282)
at com.consol.citrus.testng.TestNGHelper.lambda$invokeTestMethod$1(TestNGHelper.java:82)
at com.consol.citrus.common.DefaultTestLoader.lambda$doLoad$1(DefaultTestLoader.java:116)
at java.base/java.util.ArrayList.forEach(ArrayList.java:1541)
at com.consol.citrus.common.DefaultTestLoader.doLoad(DefaultTestLoader.java:116)
at com.consol.citrus.common.DefaultTestLoader.load(DefaultTestLoader.java:94)
at com.consol.citrus.testng.TestNGHelper.invokeTestMethod(TestNGHelper.java:83)
at com.consol.citrus.testng.spring.TestNGCitrusSpringSupport.run(TestNGCitrusSpringSupport.java:185)
at com.consol.citrus.testng.spring.TestNGCitrusSpringSupport.run(TestNGCitrusSpringSupport.java:101)
at org.testng.internal.invokers.MethodInvocationHelper.invokeHookable(MethodInvocationHelper.java:272)
at org.testng.internal.invokers.TestInvoker.invokeMethod(TestInvoker.java:669)
at org.testng.internal.invokers.TestInvoker.invokeTestMethod(TestInvoker.java:221)
at org.testng.internal.invokers.MethodRunner.runInSequence(MethodRunner.java:50)
at org.testng.internal.invokers.TestInvoker$MethodInvocationAgent.invoke(TestInvoker.java:969)
at org.testng.internal.invokers.TestInvoker.invokeTestMethods(TestInvoker.java:194)
at org.testng.internal.invokers.TestMethodWorker.invokeTestMethods(TestMethodWorker.java:148)
at org.testng.internal.invokers.TestMethodWorker.run(TestMethodWorker.java:128)
at java.base/java.util.concurrent.ThreadPoolExecutor.runWorker(ThreadPoolExecutor.java:1128)
at java.base/java.util.concurrent.ThreadPoolExecutor$Worker.run(ThreadPoolExecutor.java:628)
at java.base/java.lang.Thread.run(Thread.java:829)
Caused by: com.consol.citrus.exceptions.ValidationException: Validation failed: Values not equal for header element 'citrus_http_reason_phrase', expected 'BAD_REQUEST' but was 'OK'
at com.consol.citrus.validation.DefaultHeaderValidator.validateHeader(DefaultHeaderValidator.java:79)
at com.consol.citrus.validation.DefaultMessageHeaderValidator.validateMessage(DefaultMessageHeaderValidator.java:101)
at com.consol.citrus.validation.DefaultMessageHeaderValidator.validateMessage(DefaultMessageHeaderValidator.java:44)
at com.consol.citrus.validation.AbstractMessageValidator.validateMessage(AbstractMessageValidator.java:46)
at com.consol.citrus.actions.ReceiveMessageAction.validateMessage(ReceiveMessageAction.java:279)
at com.consol.citrus.actions.ReceiveMessageAction.doExecute(ReceiveMessageAction.java:168)
at com.consol.citrus.actions.AbstractTestAction.execute(AbstractTestAction.java:59)
at com.consol.citrus.DefaultTestCase.executeAction(DefaultTestCase.java:136)
... 28 more
Caused by: java.lang.IllegalArgumentException: Values not equal for header element 'citrus_http_reason_phrase', expected 'BAD_REQUEST' but was 'OK'
at org.springframework.util.Assert.isTrue(Assert.java:121)
at com.consol.citrus.validation.DefaultHeaderValidator.validateHeader(DefaultHeaderValidator.java:66)
... 35 more
]]>
    </error>
  </testcase> <!-- updateSound -->
  <system-out/>
  <testcase classname="autotests.tests.duckController.Update" name="updateHeight" time="0.083"/>
  <system-out/>
</testsuite> <!-- autotests.tests.duckController.Update -->
