<?xml version="1.0" encoding="UTF-8"?>
<!-- Generated by org.testng.reporters.JUnitReportReporter -->
<testsuite hostname="DESKTOP-PE0VQ31" failures="0" tests="2" name="autotests.tests.duckController.Create" time="0.211" errors="0" timestamp="2025-01-28T22:16:28 NOVT" skipped="0">
  <testcase classname="autotests.tests.duckController.Create" name="createRubber" time="0.185"/>
  <system-out/>
  <testcase classname="autotests.tests.duckController.Create" name="createWood" time="0.026"/>
  <system-out/>
</testsuite> <!-- autotests.tests.duckController.Create -->
